#
# There is insufficient memory for the Java Runtime Environment to continue.
# Native memory allocation (mmap) failed to map 140509184 bytes for G1 virtual space
# Possible reasons:
#   The system is out of physical RAM or swap space
#   The process is running with CompressedOops enabled, and the Java Heap may be blocking the growth of the native heap
# Possible solutions:
#   Reduce memory load on the system
#   Increase physical memory or swap space
#   Check if swap backing store is full
#   Decrease Java heap size (-Xmx/-Xms)
#   Decrease number of Java threads
#   Decrease Java thread stack sizes (-Xss)
#   Set larger code cache with -XX:ReservedCodeCacheSize=
#   JVM is running with Unscaled Compressed Oops mode in which the Java heap is
#     placed in the first 4GB address space. The Java Heap base address is the
#     maximum limit for the native heap growth. Please use -XX:HeapBaseMinAddress
#     to set the Java Heap base and to place the Java Heap above 4GB virtual address.
# This output file may be truncated or incomplete.
#
#  Out of Memory Error (os_windows.cpp:3769), pid=21984, tid=20736
#
# JRE version: OpenJDK Runtime Environment (17.0.6) (build 17.0.6+0-b2043.56-9586694)
# Java VM: OpenJDK 64-Bit Server VM (17.0.6+0-b2043.56-9586694, mixed mode, tiered, compressed oops, compressed class ptrs, g1 gc, windows-amd64)
# No core dump will be written. Minidumps are not enabled by default on client versions of Windows
#

---------------  S U M M A R Y ------------

Command Line: org.jetbrains.kotlin.cli.jvm.K2JVMCompiler @C:\Users\porti\OneDrive\Documents\Allamvizsga\FollowUp\Project\app\build\20230623_12290766381388719601.compiler.options

Host: AMD Ryzen 5 3500U with Radeon Vega Mobile Gfx  , 8 cores, 6G,  Windows 10 , 64 bit Build 19041 (10.0.19041.2913)
Time: Fri Jun 23 23:36:43 2023 GTB nyári id, 64 bit Build 19041 (10.0.19041.2913) elapsed time: 22.654597 seconds (0d 0h 0m 22s)

---------------  T H R E A D  ---------------

Current thread (0x0000014e7ae95e20):  VMThread "VM Thread" [stack: 0x00000039fbb00000,0x00000039fbc00000] [id=20736]

Stack: [0x00000039fbb00000,0x00000039fbc00000]
Native frames: (J=compiled Java code, j=interpreted, Vv=VM code, C=native code)
V  [jvm.dll+0x683b4a]
V  [jvm.dll+0x842654]
V  [jvm.dll+0x843dfe]
V  [jvm.dll+0x844463]
V  [jvm.dll+0x249b75]
V  [jvm.dll+0x680a19]
V  [jvm.dll+0x674f0a]
V  [jvm.dll+0x309acb]
V  [jvm.dll+0x310f86]
V  [jvm.dll+0x3608ee]
V  [jvm.dll+0x360b1f]
V  [jvm.dll+0x2dfbf8]
V  [jvm.dll+0x2ddec4]
V  [jvm.dll+0x2dd4cc]
V  [jvm.dll+0x321f3b]
V  [jvm.dll+0x84893b]
V  [jvm.dll+0x849674]
V  [jvm.dll+0x849b8d]
V  [jvm.dll+0x849f64]
V  [jvm.dll+0x84a030]
V  [jvm.dll+0x7f25fa]
V  [jvm.dll+0x682985]
C  [ucrtbase.dll+0x21bb2]
C  [KERNEL32.DLL+0x17614]
C  [ntdll.dll+0x526a1]

VM_Operation (0x00000039fb5faa70): G1CollectForAllocation, mode: safepoint, requested by thread 0x0000014e61a580a0


---------------  P R O C E S S  ---------------

Threads class SMR info:
_java_thread_list=0x0000014e00996300, length=13, elements={
0x0000014e61a580a0, 0x0000014e7aeb9260, 0x0000014e7aeba0d0, 0x0000014e7aed0f20,
0x0000014e7aed19e0, 0x0000014e7aed23a0, 0x0000014e7aed2c60, 0x0000014e7aed3900,
0x0000014e7b83f900, 0x0000014e7b85c020, 0x0000014e7b998140, 0x0000014e7b9aa120,
0x0000014e001faa50
}

Java Threads: ( => current thread )
  0x0000014e61a580a0 JavaThread "main" [_thread_blocked, id=2816, stack(0x00000039fb500000,0x00000039fb600000)]
  0x0000014e7aeb9260 JavaThread "Reference Handler" daemon [_thread_blocked, id=19728, stack(0x00000039fbc00000,0x00000039fbd00000)]
  0x0000014e7aeba0d0 JavaThread "Finalizer" daemon [_thread_blocked, id=5220, stack(0x00000039fbd00000,0x00000039fbe00000)]
  0x0000014e7aed0f20 JavaThread "Signal Dispatcher" daemon [_thread_blocked, id=636, stack(0x00000039fbe00000,0x00000039fbf00000)]
  0x0000014e7aed19e0 JavaThread "Attach Listener" daemon [_thread_blocked, id=13968, stack(0x00000039fbf00000,0x00000039fc000000)]
  0x0000014e7aed23a0 JavaThread "Service Thread" daemon [_thread_blocked, id=17308, stack(0x00000039fc000000,0x00000039fc100000)]
  0x0000014e7aed2c60 JavaThread "Monitor Deflation Thread" daemon [_thread_blocked, id=2384, stack(0x00000039fc100000,0x00000039fc200000)]
  0x0000014e7aed3900 JavaThread "C2 CompilerThread0" daemon [_thread_blocked, id=7780, stack(0x00000039fc200000,0x00000039fc300000)]
  0x0000014e7b83f900 JavaThread "C1 CompilerThread0" daemon [_thread_blocked, id=21500, stack(0x00000039fc300000,0x00000039fc400000)]
  0x0000014e7b85c020 JavaThread "Sweeper thread" daemon [_thread_blocked, id=23664, stack(0x00000039fc400000,0x00000039fc500000)]
  0x0000014e7b998140 JavaThread "Notification Thread" daemon [_thread_blocked, id=9000, stack(0x00000039fc500000,0x00000039fc600000)]
  0x0000014e7b9aa120 JavaThread "Common-Cleaner" daemon [_thread_blocked, id=8940, stack(0x00000039fc700000,0x00000039fc800000)]
  0x0000014e001faa50 JavaThread "C2 CompilerThread1" daemon [_thread_blocked, id=8148, stack(0x00000039fd000000,0x00000039fd100000)]

Other Threads:
=>0x0000014e7ae95e20 VMThread "VM Thread" [stack: 0x00000039fbb00000,0x00000039fbc00000] [id=20736]
  0x0000014e61ad38d0 WatcherThread [stack: 0x00000039fc600000,0x00000039fc700000] [id=18952]
  0x0000014e61aae5d0 GCTaskThread "GC Thread#0" [stack: 0x00000039fb600000,0x00000039fb700000] [id=6076]
  0x0000014e7c050010 GCTaskThread "GC Thread#1" [stack: 0x00000039fc800000,0x00000039fc900000] [id=24208]
  0x0000014e7c01ba20 GCTaskThread "GC Thread#2" [stack: 0x00000039fc900000,0x00000039fca00000] [id=21024]
  0x0000014e7c06c110 GCTaskThread "GC Thread#3" [stack: 0x00000039fca00000,0x00000039fcb00000] [id=9232]
  0x0000014e7c06c3c0 GCTaskThread "GC Thread#4" [stack: 0x00000039fcb00000,0x00000039fcc00000] [id=5472]
  0x0000014e7d275760 GCTaskThread "GC Thread#5" [stack: 0x00000039fcc00000,0x00000039fcd00000] [id=22932]
  0x0000014e7d36d470 GCTaskThread "GC Thread#6" [stack: 0x00000039fcd00000,0x00000039fce00000] [id=16480]
  0x0000014e7d251620 GCTaskThread "GC Thread#7" [stack: 0x00000039fce00000,0x00000039fcf00000] [id=25392]
  0x0000014e61abd310 ConcurrentGCThread "G1 Main Marker" [stack: 0x00000039fb700000,0x00000039fb800000] [id=16988]
  0x0000014e61abe4c0 ConcurrentGCThread "G1 Conc#0" [stack: 0x00000039fb800000,0x00000039fb900000] [id=12000]
  0x0000014e7d2cbb50 ConcurrentGCThread "G1 Conc#1" [stack: 0x00000039fcf00000,0x00000039fd000000] [id=25340]
  0x0000014e61b26190 ConcurrentGCThread "G1 Refine#0" [stack: 0x00000039fb900000,0x00000039fba00000] [id=2044]
  0x0000014e007786f0 ConcurrentGCThread "G1 Refine#1" [stack: 0x00000039fd100000,0x00000039fd200000] [id=24804]
  0x0000014e00778cb0 ConcurrentGCThread "G1 Refine#2" [stack: 0x00000039fd200000,0x00000039fd300000] [id=11688]
  0x0000014e00775050 ConcurrentGCThread "G1 Refine#3" [stack: 0x00000039fd300000,0x00000039fd400000] [id=11980]
  0x0000014e61b26bb0 ConcurrentGCThread "G1 Service" [stack: 0x00000039fba00000,0x00000039fbb00000] [id=20984]

Threads with active compile tasks:
C2 CompilerThread0    22705 12987       4       org.jetbrains.org.objectweb.asm.ClassReader::readElementValue (1237 bytes)
C1 CompilerThread0    22706 13003       3       org.jetbrains.kotlin.resolve.calls.smartcasts.IdentifierInfoKt::getIdForStableIdentifier (421 bytes)
C2 CompilerThread1    22706 12913       4       org.jetbrains.kotlin.types.AbstractTypeChecker::findCorrespondingSupertypes (561 bytes)

VM state: at safepoint (normal execution)

VM Mutex/Monitor currently owned by a thread:  ([mutex/lock_event])
[0x0000014e61a53c70] Threads_lock - owner thread: 0x0000014e7ae95e20
[0x0000014e61a54450] Heap_lock - owner thread: 0x0000014e61a580a0

Heap address: 0x0000000091000000, size: 1776 MB, Compressed Oops mode: 32-bit

CDS archive(s) not mapped
Compressed class space mapped at: 0x0000000100000000-0x0000000140000000, reserved size: 1073741824
Narrow klass base: 0x0000000000000000, Narrow klass shift: 3, Narrow klass range: 0x140000000

GC Precious Log:
 CPUs: 8 total, 8 available
 Memory: 7103M
 Large Page Support: Disabled
 NUMA Support: Disabled
 Compressed Oops: Enabled (32-bit)
 Heap Region Size: 1M
 Heap Min Capacity: 8M
 Heap Initial Capacity: 112M
 Heap Max Capacity: 1776M
 Pre-touch: Disabled
 Parallel Workers: 8
 Concurrent Workers: 2
 Concurrent Refinement Workers: 8
 Periodic GC: Disabled

Heap:
 garbage-first heap   total 137216K, used 82324K [0x0000000091000000, 0x0000000100000000)
  region size 1024K, 3 young (3072K), 3 survivors (3072K)
 Metaspace       used 67945K, committed 68352K, reserved 1114112K
  class space    used 7661K, committed 7872K, reserved 1048576K

Heap Regions: E=young(eden), S=young(survivor), O=old, HS=humongous(starts), HC=humongous(continues), CS=collection set, F=free, OA=open archive, CA=closed archive, TAMS=top-at-mark-start (previous, next)
|   0|0x0000000091000000, 0x0000000091100000, 0x0000000091100000|100%|HS|  |TAMS 0x0000000091100000, 0x0000000091100000| Complete 
|   1|0x0000000091100000, 0x0000000091200000, 0x0000000091200000|100%|HC|  |TAMS 0x0000000091200000, 0x0000000091200000| Complete 
|   2|0x0000000091200000, 0x0000000091300000, 0x0000000091300000|100%|HC|  |TAMS 0x0000000091300000, 0x0000000091300000| Complete 
|   3|0x0000000091300000, 0x0000000091400000, 0x0000000091400000|100%| O|  |TAMS 0x0000000091400000, 0x0000000091400000| Untracked 
|   4|0x0000000091400000, 0x0000000091500000, 0x0000000091500000|100%| O|  |TAMS 0x0000000091500000, 0x0000000091500000| Untracked 
|   5|0x0000000091500000, 0x0000000091600000, 0x0000000091600000|100%| O|  |TAMS 0x0000000091600000, 0x0000000091600000| Untracked 
|   6|0x0000000091600000, 0x0000000091700000, 0x0000000091700000|100%| O|  |TAMS 0x0000000091600000, 0x0000000091700000| Untracked 
|   7|0x0000000091700000, 0x0000000091800000, 0x0000000091800000|100%|HS|  |TAMS 0x0000000091800000, 0x0000000091800000| Complete 
|   8|0x0000000091800000, 0x0000000091900000, 0x0000000091900000|100%|HC|  |TAMS 0x0000000091900000, 0x0000000091900000| Complete 
|   9|0x0000000091900000, 0x0000000091a00000, 0x0000000091a00000|100%|HC|  |TAMS 0x0000000091a00000, 0x0000000091a00000| Complete 
|  10|0x0000000091a00000, 0x0000000091b00000, 0x0000000091b00000|100%| O|  |TAMS 0x0000000091b00000, 0x0000000091b00000| Untracked 
|  11|0x0000000091b00000, 0x0000000091c00000, 0x0000000091c00000|100%| O|  |TAMS 0x0000000091c00000, 0x0000000091c00000| Untracked 
|  12|0x0000000091c00000, 0x0000000091d00000, 0x0000000091d00000|100%| O|  |TAMS 0x0000000091d00000, 0x0000000091d00000| Untracked 
|  13|0x0000000091d00000, 0x0000000091e00000, 0x0000000091e00000|100%| O|  |TAMS 0x0000000091e00000, 0x0000000091e00000| Untracked 
|  14|0x0000000091e00000, 0x0000000091f00000, 0x0000000091f00000|100%| O|  |TAMS 0x0000000091f00000, 0x0000000091f00000| Untracked 
|  15|0x0000000091f00000, 0x0000000092000000, 0x0000000092000000|100%| O|  |TAMS 0x0000000092000000, 0x0000000092000000| Untracked 
|  16|0x0000000092000000, 0x0000000092100000, 0x0000000092100000|100%| O|  |TAMS 0x0000000092100000, 0x0000000092100000| Untracked 
|  17|0x0000000092100000, 0x0000000092200000, 0x0000000092200000|100%| O|  |TAMS 0x0000000092200000, 0x0000000092200000| Untracked 
|  18|0x0000000092200000, 0x0000000092300000, 0x0000000092300000|100%| O|  |TAMS 0x0000000092300000, 0x0000000092300000| Untracked 
|  19|0x0000000092300000, 0x0000000092400000, 0x0000000092400000|100%| O|  |TAMS 0x0000000092400000, 0x0000000092400000| Untracked 
|  20|0x0000000092400000, 0x0000000092500000, 0x0000000092500000|100%| O|  |TAMS 0x0000000092500000, 0x0000000092500000| Untracked 
|  21|0x0000000092500000, 0x0000000092600000, 0x0000000092600000|100%| O|  |TAMS 0x0000000092600000, 0x0000000092600000| Untracked 
|  22|0x0000000092600000, 0x0000000092700000, 0x0000000092700000|100%| O|  |TAMS 0x0000000092700000, 0x0000000092700000| Untracked 
|  23|0x0000000092700000, 0x0000000092800000, 0x0000000092800000|100%| O|  |TAMS 0x0000000092800000, 0x0000000092800000| Untracked 
|  24|0x0000000092800000, 0x0000000092900000, 0x0000000092900000|100%| O|  |TAMS 0x0000000092900000, 0x0000000092900000| Untracked 
|  25|0x0000000092900000, 0x0000000092a00000, 0x0000000092a00000|100%| O|  |TAMS 0x0000000092a00000, 0x0000000092a00000| Untracked 
|  26|0x0000000092a00000, 0x0000000092b00000, 0x0000000092b00000|100%| O|  |TAMS 0x0000000092b00000, 0x0000000092b00000| Untracked 
|  27|0x0000000092b00000, 0x0000000092c00000, 0x0000000092c00000|100%| O|  |TAMS 0x0000000092c00000, 0x0000000092c00000| Untracked 
|  28|0x0000000092c00000, 0x0000000092d00000, 0x0000000092d00000|100%| O|  |TAMS 0x0000000092d00000, 0x0000000092d00000| Untracked 
|  29|0x0000000092d00000, 0x0000000092e00000, 0x0000000092e00000|100%|HS|  |TAMS 0x0000000092e00000, 0x0000000092e00000| Complete 
|  30|0x0000000092e00000, 0x0000000092f00000, 0x0000000092f00000|100%|HC|  |TAMS 0x0000000092f00000, 0x0000000092f00000| Complete 
|  31|0x0000000092f00000, 0x0000000093000000, 0x0000000093000000|100%| O|  |TAMS 0x0000000093000000, 0x0000000093000000| Untracked 
|  32|0x0000000093000000, 0x0000000093100000, 0x0000000093100000|100%| O|  |TAMS 0x0000000093100000, 0x0000000093100000| Untracked 
|  33|0x0000000093100000, 0x0000000093200000, 0x0000000093200000|100%| O|  |TAMS 0x0000000093200000, 0x0000000093200000| Untracked 
|  34|0x0000000093200000, 0x0000000093300000, 0x0000000093300000|100%| O|  |TAMS 0x0000000093300000, 0x0000000093300000| Untracked 
|  35|0x0000000093300000, 0x0000000093300000, 0x0000000093400000|  0%| F|  |TAMS 0x0000000093300000, 0x0000000093300000| Untracked 
|  36|0x0000000093400000, 0x0000000093500000, 0x0000000093500000|100%| O|  |TAMS 0x0000000093500000, 0x0000000093500000| Untracked 
|  37|0x0000000093500000, 0x0000000093600000, 0x0000000093600000|100%| O|  |TAMS 0x0000000093600000, 0x0000000093600000| Untracked 
|  38|0x0000000093600000, 0x0000000093700000, 0x0000000093700000|100%| O|  |TAMS 0x0000000093700000, 0x0000000093700000| Untracked 
|  39|0x0000000093700000, 0x0000000093800000, 0x0000000093800000|100%| O|  |TAMS 0x0000000093800000, 0x0000000093800000| Untracked 
|  40|0x0000000093800000, 0x0000000093900000, 0x0000000093900000|100%| O|  |TAMS 0x0000000093900000, 0x0000000093900000| Untracked 
|  41|0x0000000093900000, 0x0000000093a00000, 0x0000000093a00000|100%| O|  |TAMS 0x0000000093a00000, 0x0000000093a00000| Untracked 
|  42|0x0000000093a00000, 0x0000000093b00000, 0x0000000093b00000|100%| O|  |TAMS 0x0000000093b00000, 0x0000000093b00000| Untracked 
|  43|0x0000000093b00000, 0x0000000093c00000, 0x0000000093c00000|100%| O|  |TAMS 0x0000000093c00000, 0x0000000093c00000| Untracked 
|  44|0x0000000093c00000, 0x0000000093d00000, 0x0000000093d00000|100%| O|  |TAMS 0x0000000093d00000, 0x0000000093d00000| Untracked 
|  45|0x0000000093d00000, 0x0000000093e00000, 0x0000000093e00000|100%| O|  |TAMS 0x0000000093e00000, 0x0000000093e00000| Untracked 
|  46|0x0000000093e00000, 0x0000000093f00000, 0x0000000093f00000|100%| O|  |TAMS 0x0000000093f00000, 0x0000000093f00000| Untracked 
|  47|0x0000000093f00000, 0x0000000094000000, 0x0000000094000000|100%| O|  |TAMS 0x0000000094000000, 0x0000000094000000| Untracked 
|  48|0x0000000094000000, 0x0000000094100000, 0x0000000094100000|100%| O|  |TAMS 0x0000000094100000, 0x0000000094100000| Untracked 
|  49|0x0000000094100000, 0x0000000094200000, 0x0000000094200000|100%| O|  |TAMS 0x0000000094200000, 0x0000000094200000| Untracked 
|  50|0x0000000094200000, 0x0000000094300000, 0x0000000094300000|100%| O|  |TAMS 0x0000000094300000, 0x0000000094300000| Untracked 
|  51|0x0000000094300000, 0x0000000094400000, 0x0000000094400000|100%| O|  |TAMS 0x0000000094400000, 0x0000000094400000| Untracked 
|  52|0x0000000094400000, 0x0000000094500000, 0x0000000094500000|100%| O|  |TAMS 0x0000000094500000, 0x0000000094500000| Untracked 
|  53|0x0000000094500000, 0x0000000094600000, 0x0000000094600000|100%| O|  |TAMS 0x0000000094600000, 0x0000000094600000| Untracked 
|  54|0x0000000094600000, 0x0000000094700000, 0x0000000094700000|100%| O|  |TAMS 0x0000000094700000, 0x0000000094700000| Untracked 
|  55|0x0000000094700000, 0x0000000094800000, 0x0000000094800000|100%| O|  |TAMS 0x0000000094800000, 0x0000000094800000| Untracked 
|  56|0x0000000094800000, 0x0000000094900000, 0x0000000094900000|100%|HS|  |TAMS 0x0000000094900000, 0x0000000094900000| Complete 
|  57|0x0000000094900000, 0x0000000094a00000, 0x0000000094a00000|100%|HC|  |TAMS 0x0000000094a00000, 0x0000000094a00000| Complete 
|  58|0x0000000094a00000, 0x0000000094b00000, 0x0000000094b00000|100%| O|  |TAMS 0x0000000094b00000, 0x0000000094b00000| Untracked 
|  59|0x0000000094b00000, 0x0000000094c00000, 0x0000000094c00000|100%| O|  |TAMS 0x0000000094c00000, 0x0000000094c00000| Untracked 
|  60|0x0000000094c00000, 0x0000000094d00000, 0x0000000094d00000|100%| O|  |TAMS 0x0000000094d00000, 0x0000000094d00000| Untracked 
|  61|0x0000000094d00000, 0x0000000094e00000, 0x0000000094e00000|100%| O|  |TAMS 0x0000000094e00000, 0x0000000094e00000| Untracked 
|  62|0x0000000094e00000, 0x0000000094f00000, 0x0000000094f00000|100%| O|  |TAMS 0x0000000094f00000, 0x0000000094f00000| Untracked 
|  63|0x0000000094f00000, 0x0000000095000000, 0x0000000095000000|100%| O|  |TAMS 0x0000000095000000, 0x0000000095000000| Untracked 
|  64|0x0000000095000000, 0x0000000095100000, 0x0000000095100000|100%| O|  |TAMS 0x0000000095100000, 0x0000000095100000| Untracked 
|  65|0x0000000095100000, 0x0000000095200000, 0x0000000095200000|100%| O|  |TAMS 0x0000000095200000, 0x0000000095200000| Untracked 
|  66|0x0000000095200000, 0x0000000095300000, 0x0000000095300000|100%| O|  |TAMS 0x0000000095300000, 0x0000000095300000| Untracked 
|  67|0x0000000095300000, 0x0000000095400000, 0x0000000095400000|100%| O|  |TAMS 0x0000000095400000, 0x0000000095400000| Untracked 
|  68|0x0000000095400000, 0x0000000095500000, 0x0000000095500000|100%| O|  |TAMS 0x0000000095500000, 0x0000000095500000| Untracked 
|  69|0x0000000095500000, 0x0000000095600000, 0x0000000095600000|100%| O|  |TAMS 0x0000000095600000, 0x0000000095600000| Untracked 
|  70|0x0000000095600000, 0x0000000095700000, 0x0000000095700000|100%| O|  |TAMS 0x0000000095700000, 0x0000000095700000| Untracked 
|  71|0x0000000095700000, 0x0000000095800000, 0x0000000095800000|100%| O|  |TAMS 0x0000000095800000, 0x0000000095800000| Untracked 
|  72|0x0000000095800000, 0x0000000095900000, 0x0000000095900000|100%| O|  |TAMS 0x0000000095900000, 0x0000000095900000| Untracked 
|  73|0x0000000095900000, 0x0000000095a00000, 0x0000000095a00000|100%| O|  |TAMS 0x00000000959a4a00, 0x0000000095a00000| Untracked 
|  74|0x0000000095a00000, 0x0000000095b00000, 0x0000000095b00000|100%| O|  |TAMS 0x0000000095a00000, 0x0000000095b00000| Untracked 
|  75|0x0000000095b00000, 0x0000000095c00000, 0x0000000095c00000|100%| O|  |TAMS 0x0000000095b00000, 0x0000000095c00000| Untracked 
|  76|0x0000000095c00000, 0x0000000095d00000, 0x0000000095d00000|100%| O|  |TAMS 0x0000000095c00000, 0x0000000095d00000| Untracked 
|  77|0x0000000095d00000, 0x0000000095e00000, 0x0000000095e00000|100%| O|  |TAMS 0x0000000095d00000, 0x0000000095e00000| Untracked 
|  78|0x0000000095e00000, 0x0000000095ed2c00, 0x0000000095f00000| 82%| O|  |TAMS 0x0000000095e00000, 0x0000000095ed2c00| Untracked 
|  79|0x0000000095f00000, 0x0000000095f00000, 0x0000000096000000|  0%| F|  |TAMS 0x0000000095f00000, 0x0000000095f00000| Untracked 
|  80|0x0000000096000000, 0x0000000096000000, 0x0000000096100000|  0%| F|  |TAMS 0x0000000096000000, 0x0000000096000000| Untracked 
|  81|0x0000000096100000, 0x0000000096100000, 0x0000000096200000|  0%| F|  |TAMS 0x0000000096100000, 0x0000000096100000| Untracked 
|  82|0x0000000096200000, 0x0000000096200000, 0x0000000096300000|  0%| F|  |TAMS 0x0000000096200000, 0x0000000096200000| Untracked 
|  83|0x0000000096300000, 0x0000000096300000, 0x0000000096400000|  0%| F|  |TAMS 0x0000000096300000, 0x0000000096300000| Untracked 
|  84|0x0000000096400000, 0x0000000096400000, 0x0000000096500000|  0%| F|  |TAMS 0x0000000096400000, 0x0000000096400000| Untracked 
|  85|0x0000000096500000, 0x0000000096500000, 0x0000000096600000|  0%| F|  |TAMS 0x0000000096500000, 0x0000000096500000| Untracked 
|  86|0x0000000096600000, 0x0000000096600000, 0x0000000096700000|  0%| F|  |TAMS 0x0000000096600000, 0x0000000096600000| Untracked 
|  87|0x0000000096700000, 0x0000000096700000, 0x0000000096800000|  0%| F|  |TAMS 0x0000000096700000, 0x0000000096700000| Untracked 
|  88|0x0000000096800000, 0x0000000096800000, 0x0000000096900000|  0%| F|  |TAMS 0x0000000096800000, 0x0000000096800000| Untracked 
|  89|0x0000000096900000, 0x0000000096900000, 0x0000000096a00000|  0%| F|  |TAMS 0x0000000096900000, 0x0000000096900000| Untracked 
|  90|0x0000000096a00000, 0x0000000096a00000, 0x0000000096b00000|  0%| F|  |TAMS 0x0000000096a00000, 0x0000000096a00000| Untracked 
|  91|0x0000000096b00000, 0x0000000096b00000, 0x0000000096c00000|  0%| F|  |TAMS 0x0000000096b00000, 0x0000000096b00000| Untracked 
|  92|0x0000000096c00000, 0x0000000096c00000, 0x0000000096d00000|  0%| F|  |TAMS 0x0000000096c00000, 0x0000000096c00000| Untracked 
|  93|0x0000000096d00000, 0x0000000096d00000, 0x0000000096e00000|  0%| F|  |TAMS 0x0000000096d00000, 0x0000000096d00000| Untracked 
|  94|0x0000000096e00000, 0x0000000096e00000, 0x0000000096f00000|  0%| F|  |TAMS 0x0000000096e00000, 0x0000000096e00000| Untracked 
|  95|0x0000000096f00000, 0x0000000096f00000, 0x0000000097000000|  0%| F|  |TAMS 0x0000000096f00000, 0x0000000096f00000| Untracked 
|  96|0x0000000097000000, 0x0000000097000000, 0x0000000097100000|  0%| F|  |TAMS 0x0000000097000000, 0x0000000097000000| Untracked 
|  97|0x0000000097100000, 0x0000000097100000, 0x0000000097200000|  0%| F|  |TAMS 0x0000000097100000, 0x0000000097100000| Untracked 
|  98|0x0000000097200000, 0x0000000097200000, 0x0000000097300000|  0%| F|  |TAMS 0x0000000097200000, 0x0000000097200000| Untracked 
|  99|0x0000000097300000, 0x00000000973926a8, 0x0000000097400000| 57%| S|CS|TAMS 0x0000000097300000, 0x0000000097300000| Complete 
| 100|0x0000000097400000, 0x0000000097500000, 0x0000000097500000|100%| S|CS|TAMS 0x0000000097400000, 0x0000000097400000| Complete 
| 101|0x0000000097500000, 0x0000000097600000, 0x0000000097600000|100%| S|CS|TAMS 0x0000000097500000, 0x0000000097500000| Complete 
| 102|0x0000000097600000, 0x0000000097600000, 0x0000000097700000|  0%| F|  |TAMS 0x0000000097600000, 0x0000000097600000| Untracked 
| 103|0x0000000097700000, 0x0000000097700000, 0x0000000097800000|  0%| F|  |TAMS 0x0000000097700000, 0x0000000097700000| Untracked 
| 104|0x0000000097800000, 0x0000000097800000, 0x0000000097900000|  0%| F|  |TAMS 0x0000000097800000, 0x0000000097800000| Untracked 
| 105|0x0000000097900000, 0x0000000097900000, 0x0000000097a00000|  0%| F|  |TAMS 0x0000000097900000, 0x0000000097900000| Untracked 
| 106|0x0000000097a00000, 0x0000000097a00000, 0x0000000097b00000|  0%| F|  |TAMS 0x0000000097a00000, 0x0000000097a00000| Untracked 
| 107|0x0000000097b00000, 0x0000000097b00000, 0x0000000097c00000|  0%| F|  |TAMS 0x0000000097b00000, 0x0000000097b00000| Untracked 
| 108|0x0000000097c00000, 0x0000000097c00000, 0x0000000097d00000|  0%| F|  |TAMS 0x0000000097c00000, 0x0000000097c00000| Untracked 
| 109|0x0000000097d00000, 0x0000000097d00000, 0x0000000097e00000|  0%| F|  |TAMS 0x0000000097d00000, 0x0000000097d00000| Untracked 
| 110|0x0000000097e00000, 0x0000000097e00000, 0x0000000097f00000|  0%| F|  |TAMS 0x0000000097e00000, 0x0000000097e00000| Untracked 
| 111|0x0000000097f00000, 0x0000000097f00000, 0x0000000098000000|  0%| F|  |TAMS 0x0000000097f00000, 0x0000000097f00000| Untracked 
| 112|0x0000000098000000, 0x0000000098000000, 0x0000000098100000|  0%| F|  |TAMS 0x0000000098000000, 0x0000000098000000| Untracked 
| 113|0x0000000098100000, 0x0000000098100000, 0x0000000098200000|  0%| F|  |TAMS 0x0000000098100000, 0x0000000098100000| Untracked 
| 114|0x0000000098200000, 0x0000000098200000, 0x0000000098300000|  0%| F|  |TAMS 0x0000000098200000, 0x0000000098200000| Untracked 
| 115|0x0000000098300000, 0x0000000098300000, 0x0000000098400000|  0%| F|  |TAMS 0x0000000098300000, 0x0000000098300000| Untracked 
| 116|0x0000000098400000, 0x0000000098400000, 0x0000000098500000|  0%| F|  |TAMS 0x0000000098400000, 0x0000000098400000| Untracked 
| 117|0x0000000098500000, 0x0000000098500000, 0x0000000098600000|  0%| F|  |TAMS 0x0000000098500000, 0x0000000098500000| Untracked 
| 118|0x0000000098600000, 0x0000000098600000, 0x0000000098700000|  0%| F|  |TAMS 0x0000000098600000, 0x0000000098600000| Untracked 
| 119|0x0000000098700000, 0x0000000098700000, 0x0000000098800000|  0%| F|  |TAMS 0x0000000098700000, 0x0000000098700000| Untracked 
| 120|0x0000000098800000, 0x0000000098800000, 0x0000000098900000|  0%| F|  |TAMS 0x0000000098800000, 0x0000000098800000| Untracked 
| 121|0x0000000098900000, 0x0000000098900000, 0x0000000098a00000|  0%| F|  |TAMS 0x0000000098900000, 0x0000000098900000| Untracked 
| 122|0x0000000098a00000, 0x0000000098a00000, 0x0000000098b00000|  0%| F|  |TAMS 0x0000000098a00000, 0x0000000098a00000| Untracked 
| 123|0x0000000098b00000, 0x0000000098b00000, 0x0000000098c00000|  0%| F|  |TAMS 0x0000000098b00000, 0x0000000098b00000| Untracked 
| 124|0x0000000098c00000, 0x0000000098c00000, 0x0000000098d00000|  0%| F|  |TAMS 0x0000000098c00000, 0x0000000098c00000| Untracked 
| 125|0x0000000098d00000, 0x0000000098d00000, 0x0000000098e00000|  0%| F|  |TAMS 0x0000000098d00000, 0x0000000098d00000| Untracked 
| 126|0x0000000098e00000, 0x0000000098e00000, 0x0000000098f00000|  0%| F|  |TAMS 0x0000000098e00000, 0x0000000098e00000| Untracked 
| 127|0x0000000098f00000, 0x0000000098f00000, 0x0000000099000000|  0%| F|  |TAMS 0x0000000098f00000, 0x0000000098f00000| Untracked 
| 128|0x0000000099000000, 0x0000000099000000, 0x0000000099100000|  0%| F|  |TAMS 0x0000000099000000, 0x0000000099000000| Untracked 
| 129|0x0000000099100000, 0x0000000099100000, 0x0000000099200000|  0%| F|  |TAMS 0x0000000099100000, 0x0000000099100000| Untracked 
| 130|0x0000000099200000, 0x0000000099200000, 0x0000000099300000|  0%| F|  |TAMS 0x0000000099200000, 0x0000000099200000| Untracked 
| 131|0x0000000099300000, 0x0000000099300000, 0x0000000099400000|  0%| F|  |TAMS 0x0000000099300000, 0x0000000099300000| Untracked 
| 132|0x0000000099400000, 0x0000000099400000, 0x0000000099500000|  0%| F|  |TAMS 0x0000000099400000, 0x0000000099400000| Untracked 
| 133|0x0000000099500000, 0x0000000099500000, 0x0000000099600000|  0%| F|  |TAMS 0x0000000099500000, 0x0000000099500000| Untracked 

Card table byte_map: [0x0000014e745e0000,0x0000014e74960000] _byte_map_base: 0x0000014e74158000

Marking Bits (Prev, Next): (CMBitMap*) 0x0000014e61aaebe0, (CMBitMap*) 0x0000014e61aaec20
 Prev Bits: [0x0000014e74ce0000, 0x0000014e768a0000)
 Next Bits: [0x0000014e768a0000, 0x0000014e78460000)

Polling page: 0x0000014e61230000

Metaspace:

Usage:
  Non-class:     58.87 MB used.
      Class:      7.48 MB used.
       Both:     66.35 MB used.

Virtual space:
  Non-class space:       64.00 MB reserved,      59.06 MB ( 92%) committed,  8 nodes.
      Class space:        1.00 GB reserved,       7.69 MB ( <1%) committed,  1 nodes.
             Both:        1.06 GB reserved,      66.75 MB (  6%) committed. 

Chunk freelists:
   Non-Class:  0 bytes
       Class:  285.00 KB
        Both:  285.00 KB

MaxMetaspaceSize: unlimited
CompressedClassSpaceSize: 1.00 GB
Initial GC threshold: 21.00 MB
Current GC threshold: 109.50 MB
CDS: off
MetaspaceReclaimPolicy: balanced
 - commit_granule_bytes: 65536.
 - commit_granule_words: 8192.
 - virtual_space_node_default_size: 1048576.
 - enlarge_chunks_in_place: 1.
 - new_chunks_are_fully_committed: 0.
 - uncommit_free_chunks: 1.
 - use_allocation_guard: 0.
 - handle_deallocations: 1.


Internal statistics:

num_allocs_failed_limit: 3.
num_arena_births: 684.
num_arena_deaths: 0.
num_vsnodes_births: 9.
num_vsnodes_deaths: 0.
num_space_committed: 1066.
num_space_uncommitted: 0.
num_chunks_returned_to_freelist: 3.
num_chunks_taken_from_freelist: 3007.
num_chunk_merges: 3.
num_chunk_splits: 2205.
num_chunks_enlarged: 1693.
num_purges: 0.
num_inconsistent_stats: 0.

CodeHeap 'non-profiled nmethods': size=120000Kb used=6104Kb max_used=6104Kb free=113895Kb
 bounds [0x0000014e6ca00000, 0x0000014e6d000000, 0x0000014e73f30000]
CodeHeap 'profiled nmethods': size=120000Kb used=29928Kb max_used=30910Kb free=90071Kb
 bounds [0x0000014e64f30000, 0x0000014e66d70000, 0x0000014e6c460000]
CodeHeap 'non-nmethods': size=5760Kb used=1309Kb max_used=1392Kb free=4450Kb
 bounds [0x0000014e6c460000, 0x0000014e6c6d0000, 0x0000014e6ca00000]
 total_blobs=11266 nmethods=10645 adapters=531
 compilation: enabled
              stopped_count=0, restarted_count=0
 full_count=0

Compilation events (20 events):
Event: 22.598 Thread 0x0000014e7b83f900 nmethod 12988 0x0000014e65db7f10 code [0x0000014e65db8140, 0x0000014e65db88e8]
Event: 22.598 Thread 0x0000014e7b83f900 12989       3       org.jetbrains.kotlin.resolve.MissingSupertypesResolver$missingClassifiers$1::invoke (15 bytes)
Event: 22.598 Thread 0x0000014e7b83f900 nmethod 12989 0x0000014e66143490 code [0x0000014e661436c0, 0x0000014e66143d08]
Event: 22.599 Thread 0x0000014e7b83f900 12990   !   2       java.util.concurrent.ConcurrentHashMap::putVal (432 bytes)
Event: 22.600 Thread 0x0000014e7b83f900 nmethod 12990 0x0000014e66084c90 code [0x0000014e66084f40, 0x0000014e66085e48]
Event: 22.607 Thread 0x0000014e7b83f900 12994       3       org.jetbrains.kotlin.cli.jvm.compiler.CliVirtualFileFinder$findClass$1::invoke (13 bytes)
Event: 22.607 Thread 0x0000014e7b83f900 nmethod 12994 0x0000014e65bd0e90 code [0x0000014e65bd1040, 0x0000014e65bd1348]
Event: 22.607 Thread 0x0000014e7b83f900 12995       3       org.jetbrains.kotlin.cli.jvm.compiler.CliVirtualFileFinder$findClass$1::invoke (50 bytes)
Event: 22.608 Thread 0x0000014e7b83f900 nmethod 12995 0x0000014e660b3b10 code [0x0000014e660b3de0, 0x0000014e660b4a98]
Event: 22.616 Thread 0x0000014e7b83f900 12998   !   3       java.util.concurrent.ConcurrentHashMap::initTable (112 bytes)
Event: 22.617 Thread 0x0000014e7b83f900 nmethod 12998 0x0000014e659a7c90 code [0x0000014e659a7e60, 0x0000014e659a83e8]
Event: 22.617 Thread 0x0000014e7b83f900 12999       1       org.jetbrains.kotlin.load.java.lazy.descriptors.LazyJavaClassDescriptor::getOuterContext (5 bytes)
Event: 22.617 Thread 0x0000014e7b83f900 nmethod 12999 0x0000014e6cff3b10 code [0x0000014e6cff3ca0, 0x0000014e6cff3d78]
Event: 22.617 Thread 0x0000014e7b83f900 13000       1       org.jetbrains.kotlin.load.java.lazy.JavaResolverComponents::getJavaModuleResolver (5 bytes)
Event: 22.617 Thread 0x0000014e7b83f900 nmethod 13000 0x0000014e6cff3e10 code [0x0000014e6cff3fa0, 0x0000014e6cff4078]
Event: 22.622 Thread 0x0000014e7b83f900 13001       3       org.jetbrains.kotlin.load.java.lazy.descriptors.LazyJavaClassMemberScope$enumEntryIndex$1::invoke (5 bytes)
Event: 22.622 Thread 0x0000014e7b83f900 nmethod 13001 0x0000014e65a79290 code [0x0000014e65a79420, 0x0000014e65a79568]
Event: 22.624 Thread 0x0000014e7b83f900 13003       3       org.jetbrains.kotlin.resolve.calls.smartcasts.IdentifierInfoKt::getIdForStableIdentifier (421 bytes)
Event: 22.627 Thread 0x0000014e7aed3900 nmethod 12984 0x0000014e6cff4110 code [0x0000014e6cff4380, 0x0000014e6cff55f8]
Event: 22.627 Thread 0x0000014e7aed3900 12987       4       org.jetbrains.org.objectweb.asm.ClassReader::readElementValue (1237 bytes)

GC Heap History (20 events):
Event: 9.305 GC heap after
{Heap after GC invocations=28 (full 0):
 garbage-first heap   total 137216K, used 48674K [0x0000000091000000, 0x0000000100000000)
  region size 1024K, 1 young (1024K), 1 survivors (1024K)
 Metaspace       used 58449K, committed 58752K, reserved 1105920K
  class space    used 6880K, committed 7040K, reserved 1048576K
}
Event: 10.027 GC heap before
{Heap before GC invocations=28 (full 0):
 garbage-first heap   total 137216K, used 97826K [0x0000000091000000, 0x0000000100000000)
  region size 1024K, 49 young (50176K), 1 survivors (1024K)
 Metaspace       used 59136K, committed 59392K, reserved 1105920K
  class space    used 6927K, committed 7040K, reserved 1048576K
}
Event: 10.043 GC heap after
{Heap after GC invocations=29 (full 0):
 garbage-first heap   total 137216K, used 55862K [0x0000000091000000, 0x0000000100000000)
  region size 1024K, 7 young (7168K), 7 survivors (7168K)
 Metaspace       used 59136K, committed 59392K, reserved 1105920K
  class space    used 6927K, committed 7040K, reserved 1048576K
}
Event: 12.061 GC heap before
{Heap before GC invocations=29 (full 0):
 garbage-first heap   total 137216K, used 99894K [0x0000000091000000, 0x0000000100000000)
  region size 1024K, 50 young (51200K), 7 survivors (7168K)
 Metaspace       used 62771K, committed 63040K, reserved 1105920K
  class space    used 7267K, committed 7424K, reserved 1048576K
}
Event: 12.080 GC heap after
{Heap after GC invocations=30 (full 0):
 garbage-first heap   total 137216K, used 61237K [0x0000000091000000, 0x0000000100000000)
  region size 1024K, 5 young (5120K), 5 survivors (5120K)
 Metaspace       used 62771K, committed 63040K, reserved 1105920K
  class space    used 7267K, committed 7424K, reserved 1048576K
}
Event: 14.538 GC heap before
{Heap before GC invocations=30 (full 0):
 garbage-first heap   total 137216K, used 106293K [0x0000000091000000, 0x0000000100000000)
  region size 1024K, 47 young (48128K), 5 survivors (5120K)
 Metaspace       used 64979K, committed 65344K, reserved 1114112K
  class space    used 7385K, committed 7552K, reserved 1048576K
}
Event: 14.555 GC heap after
{Heap after GC invocations=31 (full 0):
 garbage-first heap   total 137216K, used 67675K [0x0000000091000000, 0x0000000100000000)
  region size 1024K, 5 young (5120K), 5 survivors (5120K)
 Metaspace       used 64979K, committed 65344K, reserved 1114112K
  class space    used 7385K, committed 7552K, reserved 1048576K
}
Event: 15.045 GC heap before
{Heap before GC invocations=31 (full 0):
 garbage-first heap   total 137216K, used 86107K [0x0000000091000000, 0x0000000100000000)
  region size 1024K, 24 young (24576K), 5 survivors (5120K)
 Metaspace       used 65245K, committed 65536K, reserved 1114112K
  class space    used 7403K, committed 7552K, reserved 1048576K
}
Event: 15.058 GC heap after
{Heap after GC invocations=32 (full 0):
 garbage-first heap   total 137216K, used 71057K [0x0000000091000000, 0x0000000100000000)
  region size 1024K, 4 young (4096K), 4 survivors (4096K)
 Metaspace       used 65245K, committed 65536K, reserved 1114112K
  class space    used 7403K, committed 7552K, reserved 1048576K
}
Event: 16.691 GC heap before
{Heap before GC invocations=33 (full 0):
 garbage-first heap   total 137216K, used 107921K [0x0000000091000000, 0x0000000100000000)
  region size 1024K, 39 young (39936K), 4 survivors (4096K)
 Metaspace       used 66273K, committed 66560K, reserved 1114112K
  class space    used 7503K, committed 7680K, reserved 1048576K
}
Event: 16.704 GC heap after
{Heap after GC invocations=34 (full 0):
 garbage-first heap   total 137216K, used 74561K [0x0000000091000000, 0x0000000100000000)
  region size 1024K, 4 young (4096K), 4 survivors (4096K)
 Metaspace       used 66273K, committed 66560K, reserved 1114112K
  class space    used 7503K, committed 7680K, reserved 1048576K
}
Event: 16.833 GC heap before
{Heap before GC invocations=34 (full 0):
 garbage-first heap   total 137216K, used 76609K [0x0000000091000000, 0x0000000100000000)
  region size 1024K, 6 young (6144K), 4 survivors (4096K)
 Metaspace       used 66292K, committed 66624K, reserved 1114112K
  class space    used 7503K, committed 7680K, reserved 1048576K
}
Event: 16.842 GC heap after
{Heap after GC invocations=35 (full 0):
 garbage-first heap   total 137216K, used 75037K [0x0000000091000000, 0x0000000100000000)
  region size 1024K, 1 young (1024K), 1 survivors (1024K)
 Metaspace       used 66292K, committed 66624K, reserved 1114112K
  class space    used 7503K, committed 7680K, reserved 1048576K
}
Event: 18.777 GC heap before
{Heap before GC invocations=35 (full 0):
 garbage-first heap   total 137216K, used 109853K [0x0000000091000000, 0x0000000100000000)
  region size 1024K, 35 young (35840K), 1 survivors (1024K)
 Metaspace       used 66939K, committed 67264K, reserved 1114112K
  class space    used 7554K, committed 7680K, reserved 1048576K
}
Event: 18.787 GC heap after
{Heap after GC invocations=36 (full 0):
 garbage-first heap   total 137216K, used 77580K [0x0000000091000000, 0x0000000100000000)
  region size 1024K, 4 young (4096K), 4 survivors (4096K)
 Metaspace       used 66939K, committed 67264K, reserved 1114112K
  class space    used 7554K, committed 7680K, reserved 1048576K
}
Event: 20.780 GC heap before
{Heap before GC invocations=37 (full 0):
 garbage-first heap   total 137216K, used 110348K [0x0000000091000000, 0x0000000100000000)
  region size 1024K, 36 young (36864K), 4 survivors (4096K)
 Metaspace       used 67193K, committed 67520K, reserved 1114112K
  class space    used 7557K, committed 7680K, reserved 1048576K
}
Event: 20.795 GC heap after
{Heap after GC invocations=38 (full 0):
 garbage-first heap   total 137216K, used 80493K [0x0000000091000000, 0x0000000100000000)
  region size 1024K, 3 young (3072K), 3 survivors (3072K)
 Metaspace       used 67193K, committed 67520K, reserved 1114112K
  class space    used 7557K, committed 7680K, reserved 1048576K
}
Event: 21.161 GC heap before
{Heap before GC invocations=38 (full 0):
 garbage-first heap   total 137216K, used 83565K [0x0000000091000000, 0x0000000100000000)
  region size 1024K, 6 young (6144K), 3 survivors (3072K)
 Metaspace       used 67197K, committed 67520K, reserved 1114112K
  class space    used 7557K, committed 7680K, reserved 1048576K
}
Event: 21.168 GC heap after
{Heap after GC invocations=39 (full 0):
 garbage-first heap   total 137216K, used 80217K [0x0000000091000000, 0x0000000100000000)
  region size 1024K, 1 young (1024K), 1 survivors (1024K)
 Metaspace       used 67197K, committed 67520K, reserved 1114112K
  class space    used 7557K, committed 7680K, reserved 1048576K
}
Event: 22.629 GC heap before
{Heap before GC invocations=39 (full 0):
 garbage-first heap   total 137216K, used 111961K [0x0000000091000000, 0x0000000100000000)
  region size 1024K, 32 young (32768K), 1 survivors (1024K)
 Metaspace       used 67945K, committed 68352K, reserved 1114112K
  class space    used 7661K, committed 7872K, reserved 1048576K
}

Dll operation events (2 events):
Event: 0.007 Loaded shared library C:\Program Files\Android\Android Studio\jbr\bin\java.dll
Event: 1.855 Loaded shared library C:\Program Files\Android\Android Studio\jbr\bin\verify.dll

Deoptimization events (20 events):
Event: 22.611 Thread 0x0000014e61a580a0 Uncommon trap: trap_request=0xffffffde fr.pc=0x0000014e6cbcc5ac relative=0x000000000000042c
Event: 22.611 Thread 0x0000014e61a580a0 Uncommon trap: reason=class_check action=maybe_recompile pc=0x0000014e6cbcc5ac method=org.jetbrains.kotlin.resolve.calls.tower.ImplicitScopeTowerKt.getResultApplicabilityForCallDiagnostics(Ljava/util/Collection;)Lorg/jetbrains/kotlin/resolve/calls/tower/C
Event: 22.611 Thread 0x0000014e61a580a0 DEOPT PACKING pc=0x0000014e6cbcc5ac sp=0x00000039fb5f9ab0
Event: 22.611 Thread 0x0000014e61a580a0 DEOPT UNPACKING pc=0x0000014e6c4b69a3 sp=0x00000039fb5f9908 mode 2
Event: 22.611 Thread 0x0000014e61a580a0 Uncommon trap: trap_request=0xffffffde fr.pc=0x0000014e6cbcc5ac relative=0x000000000000042c
Event: 22.611 Thread 0x0000014e61a580a0 Uncommon trap: reason=class_check action=maybe_recompile pc=0x0000014e6cbcc5ac method=org.jetbrains.kotlin.resolve.calls.tower.ImplicitScopeTowerKt.getResultApplicabilityForCallDiagnostics(Ljava/util/Collection;)Lorg/jetbrains/kotlin/resolve/calls/tower/C
Event: 22.611 Thread 0x0000014e61a580a0 DEOPT PACKING pc=0x0000014e6cbcc5ac sp=0x00000039fb5f9a50
Event: 22.611 Thread 0x0000014e61a580a0 DEOPT UNPACKING pc=0x0000014e6c4b69a3 sp=0x00000039fb5f98a8 mode 2
Event: 22.611 Thread 0x0000014e61a580a0 Uncommon trap: trap_request=0xffffffde fr.pc=0x0000014e6cbcc5ac relative=0x000000000000042c
Event: 22.611 Thread 0x0000014e61a580a0 Uncommon trap: reason=class_check action=maybe_recompile pc=0x0000014e6cbcc5ac method=org.jetbrains.kotlin.resolve.calls.tower.ImplicitScopeTowerKt.getResultApplicabilityForCallDiagnostics(Ljava/util/Collection;)Lorg/jetbrains/kotlin/resolve/calls/tower/C
Event: 22.611 Thread 0x0000014e61a580a0 DEOPT PACKING pc=0x0000014e6cbcc5ac sp=0x00000039fb5fa380
Event: 22.611 Thread 0x0000014e61a580a0 DEOPT UNPACKING pc=0x0000014e6c4b69a3 sp=0x00000039fb5fa1d8 mode 2
Event: 22.611 Thread 0x0000014e61a580a0 Uncommon trap: trap_request=0xffffffde fr.pc=0x0000014e6cfe8318 relative=0x0000000000000418
Event: 22.611 Thread 0x0000014e61a580a0 Uncommon trap: reason=class_check action=maybe_recompile pc=0x0000014e6cfe8318 method=org.jetbrains.kotlin.resolve.calls.tower.ImplicitScopeTowerKt.getResultApplicabilityForCallDiagnostics(Ljava/util/Collection;)Lorg/jetbrains/kotlin/resolve/calls/tower/C
Event: 22.611 Thread 0x0000014e61a580a0 DEOPT PACKING pc=0x0000014e6cfe8318 sp=0x00000039fb5fa380
Event: 22.611 Thread 0x0000014e61a580a0 DEOPT UNPACKING pc=0x0000014e6c4b69a3 sp=0x00000039fb5fa238 mode 2
Event: 22.614 Thread 0x0000014e61a580a0 Uncommon trap: trap_request=0xffffff45 fr.pc=0x0000014e6cea730c relative=0x00000000000026cc
Event: 22.614 Thread 0x0000014e61a580a0 Uncommon trap: reason=unstable_if action=reinterpret pc=0x0000014e6cea730c method=org.jetbrains.kotlin.resolve.calls.smartcasts.IdentifierInfoKt.getIdForSimpleNameExpression(Lorg/jetbrains/kotlin/psi/KtSimpleNameExpression;Lorg/jetbrains/kotlin/resolve/Bi
Event: 22.614 Thread 0x0000014e61a580a0 DEOPT PACKING pc=0x0000014e6cea730c sp=0x00000039fb5fa6c0
Event: 22.614 Thread 0x0000014e61a580a0 DEOPT UNPACKING pc=0x0000014e6c4b69a3 sp=0x00000039fb5fa638 mode 2

Classes unloaded (0 events):
No events

Classes redefined (0 events):
No events

Internal exceptions (20 events):
Event: 7.762 Thread 0x0000014e61a580a0 Exception <a 'java/lang/NoSuchMethodError'{0x0000000098c15c98}: 'java.lang.Object java.lang.invoke.DirectMethodHandle$Holder.invokeSpecial(java.lang.Object, java.lang.Object, java.lang.Object, java.lang.Object, java.lang.Object, int)'> (0x0000000098c15c98) 
thrown [s\src\hotspot\share\interpreter\linkResolver.cpp, line 771]
Event: 7.763 Thread 0x0000014e61a580a0 Exception <a 'java/lang/NoSuchMethodError'{0x0000000098c19ed0}: 'java.lang.Object java.lang.invoke.Invokers$Holder.linkToTargetMethod(java.lang.Object, java.lang.Object, java.lang.Object, int, java.lang.Object)'> (0x0000000098c19ed0) 
thrown [s\src\hotspot\share\interpreter\linkResolver.cpp, line 771]
Event: 7.845 Thread 0x0000014e61a580a0 Exception <a 'java/lang/NoSuchMethodError'{0x0000000098a010c0}: 'java.lang.Object java.lang.invoke.DirectMethodHandle$Holder.newInvokeSpecial(java.lang.Object, java.lang.Object, java.lang.Object, java.lang.Object, java.lang.Object, java.lang.Object)'> (0x0000000098a010c0) 
thrown [s\src\hotspot\share\interpreter\linkResolver.cpp, line 771]
Event: 7.945 Thread 0x0000014e61a580a0 Implicit null exception at 0x0000014e6cbf8bcd to 0x0000014e6cbf9090
Event: 7.962 Thread 0x0000014e61a580a0 Implicit null exception at 0x0000014e6cb6954c to 0x0000014e6cb69628
Event: 8.166 Thread 0x0000014e61a580a0 Exception <a 'java/lang/NoSuchMethodError'{0x0000000097b78d20}: 'java.lang.Object java.lang.invoke.DirectMethodHandle$Holder.invokeStaticInit(java.lang.Object, java.lang.Object, java.lang.Object)'> (0x0000000097b78d20) 
thrown [s\src\hotspot\share\interpreter\linkResolver.cpp, line 771]
Event: 8.174 Thread 0x0000014e61a580a0 Exception <a 'java/lang/NoSuchMethodError'{0x0000000097bb3370}: 'java.lang.Object java.lang.invoke.DirectMethodHandle$Holder.newInvokeSpecial(java.lang.Object, int, java.lang.Object)'> (0x0000000097bb3370) 
thrown [s\src\hotspot\share\interpreter\linkResolver.cpp, line 771]
Event: 8.176 Thread 0x0000014e61a580a0 Exception <a 'java/lang/NoSuchMethodError'{0x0000000097bb9708}: 'int java.lang.invoke.DirectMethodHandle$Holder.invokeInterface(java.lang.Object, java.lang.Object)'> (0x0000000097bb9708) 
thrown [s\src\hotspot\share\interpreter\linkResolver.cpp, line 771]
Event: 8.178 Thread 0x0000014e61a580a0 Implicit null exception at 0x0000014e6cb6aa8a to 0x0000014e6cb6acc8
Event: 8.178 Thread 0x0000014e61a580a0 Implicit null exception at 0x0000014e6ca52f8c to 0x0000014e6ca531f0
Event: 10.188 Thread 0x0000014e61a580a0 Implicit null exception at 0x0000014e6cb63b9d to 0x0000014e6cb65094
Event: 10.298 Thread 0x0000014e61a580a0 Exception <a 'java/lang/NoSuchMethodError'{0x0000000098736af0}: 'int java.lang.invoke.DirectMethodHandle$Holder.invokeStaticInit(java.lang.Object, int)'> (0x0000000098736af0) 
thrown [s\src\hotspot\share\interpreter\linkResolver.cpp, line 771]
Event: 11.116 Thread 0x0000014e61a580a0 Exception <a 'java/lang/NoSuchMethodError'{0x0000000097d04c88}: 'java.lang.Object java.lang.invoke.DirectMethodHandle$Holder.invokeInterface(java.lang.Object, java.lang.Object, java.lang.Object)'> (0x0000000097d04c88) 
thrown [s\src\hotspot\share\interpreter\linkResolver.cpp, line 771]
Event: 11.117 Thread 0x0000014e61a580a0 Exception <a 'java/lang/IncompatibleClassChangeError'{0x0000000097d085f8}: Found class java.lang.Object, but interface was expected> (0x0000000097d085f8) 
thrown [s\src\hotspot\share\interpreter\linkResolver.cpp, line 838]
Event: 11.505 Thread 0x0000014e61a580a0 Exception <a 'java/lang/NoSuchMethodError'{0x00000000976fcf70}: 'java.lang.Object java.lang.invoke.DirectMethodHandle$Holder.newInvokeSpecial(java.lang.Object, java.lang.Object, java.lang.Object, java.lang.Object, java.lang.Object, java.lang.Object, java.lang.Object)'> (0x00000000976fcf70) 
thrown [s\src\hotspot\share\interpreter\linkResolver.cpp, line 771]
Event: 11.505 Thread 0x0000014e61a580a0 Exception <a 'java/lang/NoSuchMethodError'{0x00000000975027e0}: 'java.lang.Object java.lang.invoke.Invokers$Holder.linkToTargetMethod(java.lang.Object, java.lang.Object, java.lang.Object, java.lang.Object, java.lang.Object, java.lang.Object, java.lang.Object)'> (0x00000000975027e0) 
thrown [s\src\hotspot\share\interpreter\linkResolver.cpp, line 771]
Event: 12.417 Thread 0x0000014e61a580a0 Implicit null exception at 0x0000014e6cd6dffe to 0x0000014e6cd6e135
Event: 12.574 Thread 0x0000014e61a580a0 Exception <a 'java/lang/NoSuchMethodError'{0x0000000098724f40}: 'void java.lang.invoke.DirectMethodHandle$Holder.invokeStatic(java.lang.Object, java.lang.Object, java.lang.Object)'> (0x0000000098724f40) 
thrown [s\src\hotspot\share\interpreter\linkResolver.cpp, line 771]
Event: 12.857 Thread 0x0000014e61a580a0 Implicit null exception at 0x0000014e6cb9df58 to 0x0000014e6cb9dfea
Event: 18.576 Thread 0x0000014e61a580a0 Exception <a 'java/lang/NoSuchMethodError'{0x00000000976785e0}: 'void java.lang.invoke.DirectMethodHandle$Holder.invokeInterface(java.lang.Object, java.lang.Object)'> (0x00000000976785e0) 
thrown [s\src\hotspot\share\interpreter\linkResolver.cpp, line 771]

VM Operations (20 events):
Event: 19.365 Executing VM operation: ICBufferFull done
Event: 20.112 Executing VM operation: ICBufferFull
Event: 20.113 Executing VM operation: ICBufferFull done
Event: 20.531 Executing VM operation: ICBufferFull
Event: 20.531 Executing VM operation: ICBufferFull done
Event: 20.564 Executing VM operation: HandshakeAllThreads
Event: 20.564 Executing VM operation: HandshakeAllThreads done
Event: 20.727 Executing VM operation: HandshakeAllThreads
Event: 20.735 Executing VM operation: HandshakeAllThreads done
Event: 20.779 Executing VM operation: HandshakeAllThreads
Event: 20.780 Executing VM operation: HandshakeAllThreads done
Event: 20.780 Executing VM operation: G1CollectForAllocation
Event: 20.795 Executing VM operation: G1CollectForAllocation done
Event: 21.161 Executing VM operation: G1CollectForAllocation
Event: 21.168 Executing VM operation: G1CollectForAllocation done
Event: 21.703 Executing VM operation: ICBufferFull
Event: 21.703 Executing VM operation: ICBufferFull done
Event: 22.343 Executing VM operation: ICBufferFull
Event: 22.343 Executing VM operation: ICBufferFull done
Event: 22.628 Executing VM operation: G1CollectForAllocation

Events (20 events):
Event: 20.823 Thread 0x0000014e7b85c020 flushing nmethod 0x0000014e666c1c90
Event: 20.824 Thread 0x0000014e7b85c020 flushing nmethod 0x0000014e666e0810
Event: 20.824 Thread 0x0000014e7b85c020 flushing nmethod 0x0000014e666e2110
Event: 20.824 Thread 0x0000014e7b85c020 flushing nmethod 0x0000014e66716a90
Event: 20.824 Thread 0x0000014e7b85c020 flushing nmethod 0x0000014e66770990
Event: 20.824 Thread 0x0000014e7b85c020 flushing nmethod 0x0000014e66772010
Event: 20.824 Thread 0x0000014e7b85c020 flushing nmethod 0x0000014e667c9990
Event: 20.824 Thread 0x0000014e7b85c020 flushing nmethod 0x0000014e667f4890
Event: 20.824 Thread 0x0000014e7b85c020 flushing nmethod 0x0000014e66806e90
Event: 20.825 Thread 0x0000014e7b85c020 flushing nmethod 0x0000014e66816b10
Event: 20.825 Thread 0x0000014e7b85c020 flushing nmethod 0x0000014e66818190
Event: 20.825 Thread 0x0000014e7b85c020 flushing nmethod 0x0000014e668d5210
Event: 20.825 Thread 0x0000014e7b85c020 flushing nmethod 0x0000014e668da210
Event: 20.825 Thread 0x0000014e7b85c020 flushing nmethod 0x0000014e66906510
Event: 20.825 Thread 0x0000014e7b85c020 flushing nmethod 0x0000014e66907990
Event: 20.826 Thread 0x0000014e7b85c020 flushing nmethod 0x0000014e6694d590
Event: 20.826 Thread 0x0000014e7b85c020 flushing nmethod 0x0000014e6694ec90
Event: 20.827 Thread 0x0000014e7b85c020 flushing nmethod 0x0000014e66b03190
Event: 20.828 Thread 0x0000014e7b85c020 flushing nmethod 0x0000014e66b74790
Event: 20.828 Thread 0x0000014e7b85c020 flushing nmethod 0x0000014e66b75b90


Dynamic libraries:
0x00007ff73f590000 - 0x00007ff73f59a000 	C:\Program Files\Android\Android Studio\jbr\bin\java.exe
0x00007fff214d0000 - 0x00007fff216c8000 	C:\WINDOWS\SYSTEM32\ntdll.dll
0x00007fff20400000 - 0x00007fff204bf000 	C:\WINDOWS\System32\KERNEL32.DLL
0x00007fff1f230000 - 0x00007fff1f526000 	C:\WINDOWS\System32\KERNELBASE.dll
0x00007fff1eff0000 - 0x00007fff1f0f0000 	C:\WINDOWS\System32\ucrtbase.dll
0x00007fff001e0000 - 0x00007fff001fb000 	C:\Program Files\Android\Android Studio\jbr\bin\VCRUNTIME140.dll
0x00007fff12240000 - 0x00007fff12257000 	C:\Program Files\Android\Android Studio\jbr\bin\jli.dll
0x00007fff1fe70000 - 0x00007fff2000d000 	C:\WINDOWS\System32\USER32.dll
0x00007fff0f580000 - 0x00007fff0f81a000 	C:\WINDOWS\WinSxS\amd64_microsoft.windows.common-controls_6595b64144ccf1df_6.0.19041.1110_none_60b5254171f9507e\COMCTL32.dll
0x00007fff1ec30000 - 0x00007fff1ec52000 	C:\WINDOWS\System32\win32u.dll
0x00007fff1f960000 - 0x00007fff1f98c000 	C:\WINDOWS\System32\GDI32.dll
0x00007fff1eed0000 - 0x00007fff1efe5000 	C:\WINDOWS\System32\gdi32full.dll
0x00007fff1fbf0000 - 0x00007fff1fc8e000 	C:\WINDOWS\System32\msvcrt.dll
0x00007fff1edc0000 - 0x00007fff1ee5d000 	C:\WINDOWS\System32\msvcp_win.dll
0x00007fff20090000 - 0x00007fff200c0000 	C:\WINDOWS\System32\IMM32.DLL
0x00007fff0dc70000 - 0x00007fff0dc7c000 	C:\Program Files\Android\Android Studio\jbr\bin\vcruntime140_1.dll
0x00007ffef0720000 - 0x00007ffef07ad000 	C:\Program Files\Android\Android Studio\jbr\bin\msvcp140.dll
0x00007ffea73d0000 - 0x00007ffea803d000 	C:\Program Files\Android\Android Studio\jbr\bin\server\jvm.dll
0x00007fff213e0000 - 0x00007fff2148f000 	C:\WINDOWS\System32\ADVAPI32.dll
0x00007fff1f990000 - 0x00007fff1fa2c000 	C:\WINDOWS\System32\sechost.dll
0x00007fff1f530000 - 0x00007fff1f656000 	C:\WINDOWS\System32\RPCRT4.dll
0x00007fff097b0000 - 0x00007fff097b9000 	C:\WINDOWS\SYSTEM32\WSOCK32.dll
0x00007fff1fe00000 - 0x00007fff1fe6b000 	C:\WINDOWS\System32\WS2_32.dll
0x00007fff0ae80000 - 0x00007fff0aea7000 	C:\WINDOWS\SYSTEM32\WINMM.dll
0x00007fff111c0000 - 0x00007fff111ca000 	C:\WINDOWS\SYSTEM32\VERSION.dll
0x00007fff1d450000 - 0x00007fff1d462000 	C:\WINDOWS\SYSTEM32\kernel.appcore.dll
0x00007fff180f0000 - 0x00007fff180fa000 	C:\Program Files\Android\Android Studio\jbr\bin\jimage.dll
0x00007fff1cea0000 - 0x00007fff1d084000 	C:\WINDOWS\SYSTEM32\DBGHELP.DLL
0x00007fff168a0000 - 0x00007fff168d4000 	C:\WINDOWS\SYSTEM32\dbgcore.DLL
0x00007fff1f1a0000 - 0x00007fff1f222000 	C:\WINDOWS\System32\bcryptPrimitives.dll
0x00007fff08fe0000 - 0x00007fff09005000 	C:\Program Files\Android\Android Studio\jbr\bin\java.dll
0x00007fff132f0000 - 0x00007fff13308000 	C:\Program Files\Android\Android Studio\jbr\bin\zip.dll
0x00007fff204c0000 - 0x00007fff20c04000 	C:\WINDOWS\System32\SHELL32.dll
0x00007fff1c700000 - 0x00007fff1ce93000 	C:\WINDOWS\SYSTEM32\windows.storage.dll
0x00007fff21080000 - 0x00007fff213d4000 	C:\WINDOWS\System32\combase.dll
0x00007fff1e530000 - 0x00007fff1e55e000 	C:\WINDOWS\SYSTEM32\Wldp.dll
0x00007fff1f660000 - 0x00007fff1f70d000 	C:\WINDOWS\System32\SHCORE.dll
0x00007fff203a0000 - 0x00007fff203f5000 	C:\WINDOWS\System32\shlwapi.dll
0x00007fff1eaf0000 - 0x00007fff1eb0f000 	C:\WINDOWS\SYSTEM32\profapi.dll
0x00007fff0dc40000 - 0x00007fff0dc59000 	C:\Program Files\Android\Android Studio\jbr\bin\net.dll
0x00007fff16390000 - 0x00007fff1649a000 	C:\WINDOWS\SYSTEM32\WINHTTP.dll
0x00007fff1e290000 - 0x00007fff1e2fa000 	C:\WINDOWS\system32\mswsock.dll
0x00007fff09220000 - 0x00007fff09236000 	C:\Program Files\Android\Android Studio\jbr\bin\nio.dll
0x00007fff08fc0000 - 0x00007fff08fd0000 	C:\Program Files\Android\Android Studio\jbr\bin\verify.dll

dbghelp: loaded successfully - version: 4.0.5 - missing functions: none
symbol engine: initialized successfully - sym options: 0x614 - pdb path: .;C:\Program Files\Android\Android Studio\jbr\bin;C:\WINDOWS\SYSTEM32;C:\WINDOWS\WinSxS\amd64_microsoft.windows.common-controls_6595b64144ccf1df_6.0.19041.1110_none_60b5254171f9507e;C:\Program Files\Android\Android Studio\jbr\bin\server

VM Arguments:
java_command: org.jetbrains.kotlin.cli.jvm.K2JVMCompiler @C:\Users\porti\OneDrive\Documents\Allamvizsga\FollowUp\Project\app\build\20230623_12290766381388719601.compiler.options
java_class_path (initial): C:\Users\porti\.gradle\caches\modules-2\files-2.1\org.jetbrains.kotlin\kotlin-compiler-embeddable\1.7.10\909803167c98606fcf22b4c848647c68e351d48d\kotlin-compiler-embeddable-1.7.10.jar;C:\Users\porti\.gradle\caches\modules-2\files-2.1\org.jetbrains.kotlin\kotlin-reflect\1.7.10\165e600dfea6185cf5efa700756294cc4904dbeb\kotlin-reflect-1.7.10.jar;C:\Users\porti\.gradle\caches\modules-2\files-2.1\org.jetbrains.kotlin\kotlin-stdlib\1.7.10\d2abf9e77736acc4450dc4a3f707fa2c10f5099d\kotlin-stdlib-1.7.10.jar;C:\Users\porti\.gradle\caches\modules-2\files-2.1\org.jetbrains.kotlin\kotlin-script-runtime\1.7.10\c99c87a6988d8fd8d5142e9ed5c9f34a7cf561ee\kotlin-script-runtime-1.7.10.jar;C:\Users\porti\.gradle\caches\modules-2\files-2.1\org.jetbrains.kotlin\kotlin-daemon-embeddable\1.7.10\3a9f7aef7080d3ae63126cbba4f827ed664f32fa\kotlin-daemon-embeddable-1.7.10.jar;C:\Users\porti\.gradle\caches\modules-2\files-2.1\org.jetbrains.intellij.deps\trove4j\1.0.20200330\3afb14d5f9ceb459d724e907a21145e8ff394f02\trove4j-1.0.20200330.jar;C:\Users\porti\.gradle\caches\modules-2\files-2.1\net.java.dev.jna\jna\5.6.0\330f2244e9030119ab3030fc3fededc86713d9cc\jna-5.6.0.jar;C:\Users\porti\.gradle\caches\modules-2\files-2.1\org.jetbrains.kotlin\kotlin-stdlib-common\1.7.10\bac80c520d0a9e3f3673bc2658c6ed02ef45a76a\kotlin-stdlib-common-1.7.10.jar;C:\Users\porti\.gradle\caches\modules-2\files-2.1\org.jetbrains\annotations\13.0\919f0dfe192fb4e063e7dacadee7f8bb9a2672a9\annotations-13.0.jar
Launcher Type: SUN_STANDARD

[Global flags]
     intx CICompilerCount                          = 4                                         {product} {ergonomic}
     uint ConcGCThreads                            = 2                                         {product} {ergonomic}
     uint G1ConcRefinementThreads                  = 8                                         {product} {ergonomic}
   size_t G1HeapRegionSize                         = 1048576                                   {product} {ergonomic}
    uintx GCDrainStackTargetSize                   = 64                                        {product} {ergonomic}
   size_t InitialHeapSize                          = 117440512                                 {product} {ergonomic}
   size_t MarkStackSize                            = 4194304                                   {product} {ergonomic}
   size_t MaxHeapSize                              = 1862270976                                {product} {ergonomic}
   size_t MaxNewSize                               = 1116733440                                {product} {ergonomic}
   size_t MinHeapDeltaBytes                        = 1048576                                   {product} {ergonomic}
   size_t MinHeapSize                              = 8388608                                   {product} {ergonomic}
    uintx NonNMethodCodeHeapSize                   = 5839372                                {pd product} {ergonomic}
    uintx NonProfiledCodeHeapSize                  = 122909434                              {pd product} {ergonomic}
    uintx ProfiledCodeHeapSize                     = 122909434                              {pd product} {ergonomic}
    uintx ReservedCodeCacheSize                    = 251658240                              {pd product} {ergonomic}
     bool SegmentedCodeCache                       = true                                      {product} {ergonomic}
   size_t SoftMaxHeapSize                          = 1862270976                             {manageable} {ergonomic}
     bool UseCompressedClassPointers               = true                           {product lp64_product} {ergonomic}
     bool UseCompressedOops                        = true                           {product lp64_product} {ergonomic}
     bool UseG1GC                                  = true                                      {product} {ergonomic}
     bool UseLargePagesIndividualAllocation        = false                                  {pd product} {ergonomic}

Logging:
Log output configuration:
 #0: stdout all=warning uptime,level,tags
 #1: stderr all=off uptime,level,tags

Environment Variables:
JAVA_HOME=C:\Program Files\Java\jdk-20
PATH=C:\Program Files\Common Files\Oracle\Java\javapath;C:\WINDOWS\system32;C:\WINDOWS;C:\WINDOWS\System32\Wbem;C:\WINDOWS\System32\WindowsPowerShell\v1.0\;C:\WINDOWS\System32\OpenSSH\;C:\Program Files\Microsoft SQL Server\150\Tools\Binn\;C:\Program Files (x86)\Git\cmd;C:\Program Files\dotnet\;C:\Program Files\Java\jdk-20\bin;C:\Users\porti\AppData\Local\Microsoft\WindowsApps;D:\ProgramFiles\Microsoft VS Code\bin;C:\Users\porti\AppData\Local\GitHubDesktop\bin;C:\Users\porti\.dotnet\tools;C:\Program Files\JetBrains\IntelliJ IDEA Community Edition 2023.1.2\bin;
USERNAME=porti
OS=Windows_NT
PROCESSOR_IDENTIFIER=AMD64 Family 23 Model 24 Stepping 1, AuthenticAMD
TMP=C:\Users\porti\AppData\Local\Temp
TEMP=C:\Users\porti\AppData\Local\Temp



---------------  S Y S T E M  ---------------

OS:
 Windows 10 , 64 bit Build 19041 (10.0.19041.2913)
OS uptime: 18 days 23:27 hours

CPU: total 8 (initial active 8) (8 cores per cpu, 2 threads per core) family 23 model 24 stepping 1 microcode 0x0, cx8, cmov, fxsr, ht, mmx, 3dnowpref, sse, sse2, sse3, ssse3, sse4a, sse4.1, sse4.2, popcnt, lzcnt, tsc, tscinvbit, avx, avx2, aes, clmul, bmi1, bmi2, adx, sha, fma, vzeroupper, clflush, clflushopt

Memory: 4k page, system-wide physical 7103M (438M free)
TotalPageFile size 22463M (AvailPageFile size 71M)
current process WorkingSet (physical memory assigned to process): 327M, peak: 330M
current process commit charge ("private bytes"): 375M, peak: 509M

vm_info: OpenJDK 64-Bit Server VM (17.0.6+0-b2043.56-9586694) for windows-amd64 JRE (17.0.6+0-b2043.56-9586694), built on Feb  9 2023 20:06:20 by "androidbuild" with MS VC++ 16.10 / 16.11 (VS2019)

END.
